# JRE version: OpenJDK Runtime Environment (8.0_171-b11) (build 1.8.0_171-8u171-b11-0ubuntu0.18.04.1-b11)
# Java VM: OpenJDK 64-Bit Server VM (25.171-b11 mixed mode linux-amd64 compressed oops)
Heap:
 PSYoungGen      total 71680K, used 50342K [0x00000000d7000000, 0x00000000dfc00000, 0x0000000100000000)
  eden space 63488K, 79% used [0x00000000d7000000,0x00000000da129938,0x00000000dae00000)
  from space 8192K, 0% used [0x00000000dae00000,0x00000000dae00000,0x00000000db600000)
  to   space 8192K, 0% used [0x00000000df400000,0x00000000df400000,0x00000000dfc00000)
 ParOldGen       total 52224K, used 8967K [0x0000000085000000, 0x0000000088300000, 0x00000000d7000000)
  object space 52224K, 17% used [0x0000000085000000,0x00000000858c1fe8,0x0000000088300000)
 Metaspace       used 23741K, capacity 24444K, committed 24496K, reserved 1071104K
  class space    used 2814K, capacity 2989K, committed 2992K, reserved 1048576K
GC Heap History (10 events):
Event: 5.079 GC heap before
{Heap before GC invocations=4 (full 0):
 PSYoungGen      total 36864K, used 36834K [0x00000000d7000000, 0x00000000d9900000, 0x0000000100000000)
  eden space 31744K, 100% used [0x00000000d7000000,0x00000000d8f00000,0x00000000d8f00000)
  from space 5120K, 99% used [0x00000000d8f00000,0x00000000d93f8a78,0x00000000d9400000)
  to   space 5120K, 0% used [0x00000000d9400000,0x00000000d9400000,0x00000000d9900000)
 ParOldGen       total 84992K, used 1447K [0x0000000085000000, 0x000000008a300000, 0x00000000d7000000)
  object space 84992K, 1% used [0x0000000085000000,0x0000000085169db0,0x000000008a300000)
 Metaspace       used 16298K, capacity 16522K, committed 16896K, reserved 1064960K
  class space    used 1942K, capacity 2037K, committed 2048K, reserved 1048576K
Event: 5.117 GC heap after
Heap after GC invocations=4 (full 0):
 PSYoungGen      total 36864K, used 5104K [0x00000000d7000000, 0x00000000db800000, 0x0000000100000000)
  eden space 31744K, 0% used [0x00000000d7000000,0x00000000d7000000,0x00000000d8f00000)
  from space 5120K, 99% used [0x00000000d9400000,0x00000000d98fc030,0x00000000d9900000)
  to   space 5120K, 0% used [0x00000000d8f00000,0x00000000d8f00000,0x00000000d9400000)
 ParOldGen       total 84992K, used 2970K [0x0000000085000000, 0x000000008a300000, 0x00000000d7000000)
  object space 84992K, 3% used [0x0000000085000000,0x00000000852e6b08,0x000000008a300000)
 Metaspace       used 16298K, capacity 16522K, committed 16896K, reserved 1064960K
  class space    used 1942K, capacity 2037K, committed 2048K, reserved 1048576K
}
Event: 6.110 GC heap before
{Heap before GC invocations=5 (full 0):
 PSYoungGen      total 36864K, used 36848K [0x00000000d7000000, 0x00000000db800000, 0x0000000100000000)
  eden space 31744K, 100% used [0x00000000d7000000,0x00000000d8f00000,0x00000000d8f00000)
  from space 5120K, 99% used [0x00000000d9400000,0x00000000d98fc030,0x00000000d9900000)
  to   space 5120K, 0% used [0x00000000d8f00000,0x00000000d8f00000,0x00000000d9400000)
 ParOldGen       total 84992K, used 2970K [0x0000000085000000, 0x000000008a300000, 0x00000000d7000000)
  object space 84992K, 3% used [0x0000000085000000,0x00000000852e6b08,0x000000008a300000)
 Metaspace       used 17397K, capacity 17850K, committed 18048K, reserved 1064960K
  class space    used 2059K, capacity 2156K, committed 2176K, reserved 1048576K
Event: 6.124 GC heap after
Heap after GC invocations=5 (full 0):
 PSYoungGen      total 36864K, used 5088K [0x00000000d7000000, 0x00000000dbe00000, 0x0000000100000000)
  eden space 31744K, 0% used [0x00000000d7000000,0x00000000d7000000,0x00000000d8f00000)
  from space 5120K, 99% used [0x00000000d8f00000,0x00000000d93f8020,0x00000000d9400000)
  to   space 8192K, 0% used [0x00000000db600000,0x00000000db600000,0x00000000dbe00000)
 ParOldGen       total 84992K, used 5076K [0x0000000085000000, 0x000000008a300000, 0x00000000d7000000)
  object space 84992K, 5% used [0x0000000085000000,0x00000000854f50b8,0x000000008a300000)
 Metaspace       used 17397K, capacity 17850K, committed 18048K, reserved 1064960K
  class space    used 2059K, capacity 2156K, committed 2176K, reserved 1048576K
}
Event: 6.945 GC heap before
{Heap before GC invocations=6 (full 0):
 PSYoungGen      total 36864K, used 36832K [0x00000000d7000000, 0x00000000dbe00000, 0x0000000100000000)
  eden space 31744K, 100% used [0x00000000d7000000,0x00000000d8f00000,0x00000000d8f00000)
  from space 5120K, 99% used [0x00000000d8f00000,0x00000000d93f8020,0x00000000d9400000)
  to   space 8192K, 0% used [0x00000000db600000,0x00000000db600000,0x00000000dbe00000)
 ParOldGen       total 84992K, used 5076K [0x0000000085000000, 0x000000008a300000, 0x00000000d7000000)
  object space 84992K, 5% used [0x0000000085000000,0x00000000854f50b8,0x000000008a300000)
 Metaspace       used 19068K, capacity 19570K, committed 19840K, reserved 1067008K
  class space    used 2253K, capacity 2368K, committed 2432K, reserved 1048576K
Event: 6.960 GC heap after
Heap after GC invocations=6 (full 0):
 PSYoungGen      total 71680K, used 6902K [0x00000000d7000000, 0x00000000dbe00000, 0x0000000100000000)
  eden space 63488K, 0% used [0x00000000d7000000,0x00000000d7000000,0x00000000dae00000)
  from space 8192K, 84% used [0x00000000db600000,0x00000000dbcbd928,0x00000000dbe00000)
  to   space 8192K, 0% used [0x00000000dae00000,0x00000000dae00000,0x00000000db600000)
 ParOldGen       total 84992K, used 5084K [0x0000000085000000, 0x000000008a300000, 0x00000000d7000000)
  object space 84992K, 5% used [0x0000000085000000,0x00000000854f70b8,0x000000008a300000)
 Metaspace       used 19068K, capacity 19570K, committed 19840K, reserved 1067008K
  class space    used 2253K, capacity 2368K, committed 2432K, reserved 1048576K
}
Event: 7.261 GC heap before
{Heap before GC invocations=7 (full 0):
 PSYoungGen      total 71680K, used 14761K [0x00000000d7000000, 0x00000000dbe00000, 0x0000000100000000)
  eden space 63488K, 12% used [0x00000000d7000000,0x00000000d77ace60,0x00000000dae00000)
  from space 8192K, 84% used [0x00000000db600000,0x00000000dbcbd928,0x00000000dbe00000)
  to   space 8192K, 0% used [0x00000000dae00000,0x00000000dae00000,0x00000000db600000)
 ParOldGen       total 84992K, used 5084K [0x0000000085000000, 0x000000008a300000, 0x00000000d7000000)
  object space 84992K, 5% used [0x0000000085000000,0x00000000854f70b8,0x000000008a300000)
 Metaspace       used 20718K, capacity 21202K, committed 21296K, reserved 1069056K
  class space    used 2488K, capacity 2592K, committed 2608K, reserved 1048576K
Event: 7.306 GC heap after
Heap after GC invocations=7 (full 0):
 PSYoungGen      total 71680K, used 5424K [0x00000000d7000000, 0x00000000dfc00000, 0x0000000100000000)
  eden space 63488K, 0% used [0x00000000d7000000,0x00000000d7000000,0x00000000dae00000)
  from space 8192K, 66% used [0x00000000dae00000,0x00000000db34c050,0x00000000db600000)
  to   space 8192K, 0% used [0x00000000df400000,0x00000000df400000,0x00000000dfc00000)
 ParOldGen       total 84992K, used 6652K [0x0000000085000000, 0x000000008a300000, 0x00000000d7000000)
  object space 84992K, 7% used [0x0000000085000000,0x000000008567f148,0x000000008a300000)
 Metaspace       used 20718K, capacity 21202K, committed 21296K, reserved 1069056K
  class space    used 2488K, capacity 2592K, committed 2608K, reserved 1048576K
}
Event: 7.306 GC heap before
{Heap before GC invocations=8 (full 1):
 PSYoungGen      total 71680K, used 5424K [0x00000000d7000000, 0x00000000dfc00000, 0x0000000100000000)
  eden space 63488K, 0% used [0x00000000d7000000,0x00000000d7000000,0x00000000dae00000)
  from space 8192K, 66% used [0x00000000dae00000,0x00000000db34c050,0x00000000db600000)
  to   space 8192K, 0% used [0x00000000df400000,0x00000000df400000,0x00000000dfc00000)
 ParOldGen       total 84992K, used 6652K [0x0000000085000000, 0x000000008a300000, 0x00000000d7000000)
  object space 84992K, 7% used [0x0000000085000000,0x000000008567f148,0x000000008a300000)
 Metaspace       used 20718K, capacity 21202K, committed 21296K, reserved 1069056K
  class space    used 2488K, capacity 2592K, committed 2608K, reserved 1048576K
Event: 7.420 GC heap after
Heap after GC invocations=8 (full 1):
 PSYoungGen      total 71680K, used 0K [0x00000000d7000000, 0x00000000dfc00000, 0x0000000100000000)
  eden space 63488K, 0% used [0x00000000d7000000,0x00000000d7000000,0x00000000dae00000)
  from space 8192K, 0% used [0x00000000dae00000,0x00000000dae00000,0x00000000db600000)
  to   space 8192K, 0% used [0x00000000df400000,0x00000000df400000,0x00000000dfc00000)
 ParOldGen       total 52224K, used 8967K [0x0000000085000000, 0x0000000088300000, 0x00000000d7000000)
  object space 52224K, 17% used [0x0000000085000000,0x00000000858c1fe8,0x0000000088300000)
 Metaspace       used 20718K, capacity 21202K, committed 21296K, reserved 1069056K
  class space    used 2488K, capacity 2592K, committed 2608K, reserved 1048576K
}

